C:\Users\Admin\Desktop\KFMI\Advacom\Advacon.dwg,Body,11-12-2022 01:13:37 PM,Admin,AutoCAD PDF (General Documentation).pc3,ISO full bleed A4 (210.00 x 297.00 MM),1:13.312,
C:\Users\Admin\Desktop\KFMI\Advacom\Advacon.dwg,Outer Door,11-12-2022 01:13:38 PM,Admin,AutoCAD PDF (General Documentation).pc3,ISO full bleed A4 (210.00 x 297.00 MM),1:13.312,
C:\Users\Admin\Desktop\KFMI\Advacom\Advacon.dwg,Internal Door,11-12-2022 01:13:38 PM,Admin,AutoCAD PDF (General Documentation).pc3,ISO full bleed A4 (210.00 x 297.00 MM),1:13.312,
C:\Users\Admin\Desktop\KFMI\Advacom\Advacon.dwg,Base Plate,11-12-2022 01:13:39 PM,Admin,AutoCAD PDF (General Documentation).pc3,ISO full bleed A4 (210.00 x 297.00 MM),1:13.312,
C:\Users\Admin\Desktop\KFMI\Advacom\Advacon.dwg,Body - 1,11-12-2022 01:13:40 PM,Admin,AutoCAD PDF (General Documentation).pc3,ISO full bleed A4 (210.00 x 297.00 MM),1:13.312,
C:\Users\Admin\Desktop\KFMI\Advacom\Advacon.dwg,Gland Plate,11-12-2022 01:13:41 PM,Admin,AutoCAD PDF (General Documentation).pc3,ISO full bleed A4 (210.00 x 297.00 MM),1:13.312,
C:\Users\Admin\Desktop\KFMI\Advacom\Advacon.dwg,Support,11-12-2022 01:13:41 PM,Admin,AutoCAD PDF (General Documentation).pc3,ISO full bleed A4 (210.00 x 297.00 MM),1:13.312,
C:\Users\Admin\Desktop\KFMI\Advacom\Advacon.dwg,Fabrication List,11-12-2022 01:13:42 PM,Admin,AutoCAD PDF (General Documentation).pc3,ISO full bleed A4 (210.00 x 297.00 MM),1:13.312,
C:\Users\Admin\Desktop\KFMI\Advacom\Advacon.dwg,Assembly,11-12-2022 01:13:42 PM,Admin,AutoCAD PDF (General Documentation).pc3,ISO full bleed A4 (210.00 x 297.00 MM),1:13.312,
C:\Users\Admin\Desktop\KFMI\Advacom\Advacon.dwg,Body,11-12-2022 01:56:07 PM,Admin,AutoCAD PDF (General Documentation).pc3,ISO full bleed A4 (210.00 x 297.00 MM),1:13.312,
C:\Users\Admin\Desktop\KFMI\Advacom\Advacon.dwg,Outer Door,11-12-2022 01:56:08 PM,Admin,AutoCAD PDF (General Documentation).pc3,ISO full bleed A4 (210.00 x 297.00 MM),1:13.312,
C:\Users\Admin\Desktop\KFMI\Advacom\Advacon.dwg,Internal Door,11-12-2022 01:56:08 PM,Admin,AutoCAD PDF (General Documentation).pc3,ISO full bleed A4 (210.00 x 297.00 MM),1:13.312,
C:\Users\Admin\Desktop\KFMI\Advacom\Advacon.dwg,Base Plate,11-12-2022 01:56:09 PM,Admin,AutoCAD PDF (General Documentation).pc3,ISO full bleed A4 (210.00 x 297.00 MM),1:13.312,
C:\Users\Admin\Desktop\KFMI\Advacom\Advacon.dwg,Body - 1,11-12-2022 01:56:09 PM,Admin,AutoCAD PDF (General Documentation).pc3,ISO full bleed A4 (210.00 x 297.00 MM),1:13.312,
C:\Users\Admin\Desktop\KFMI\Advacom\Advacon.dwg,Gland Plate,11-12-2022 01:56:10 PM,Admin,AutoCAD PDF (General Documentation).pc3,ISO full bleed A4 (210.00 x 297.00 MM),1:13.312,
C:\Users\Admin\Desktop\KFMI\Advacom\Advacon.dwg,Support,11-12-2022 01:56:11 PM,Admin,AutoCAD PDF (General Documentation).pc3,ISO full bleed A4 (210.00 x 297.00 MM),1:13.312,
C:\Users\Admin\Desktop\KFMI\Advacom\Advacon.dwg,Fabrication List,11-12-2022 01:56:11 PM,Admin,AutoCAD PDF (General Documentation).pc3,ISO full bleed A4 (210.00 x 297.00 MM),1:13.312,
C:\Users\Admin\Desktop\KFMI\Advacom\Advacon.dwg,Assembly,11-12-2022 01:56:12 PM,Admin,AutoCAD PDF (General Documentation).pc3,ISO full bleed A4 (210.00 x 297.00 MM),1:13.312,
H:\Mudabbir\Advacom\Advacon.dwg,Body,11-12-2022 02:05:09 PM,Admin,AutoCAD PDF (General Documentation).pc3,ISO full bleed A4 (210.00 x 297.00 MM),1:13.312,
H:\Mudabbir\Advacom\Advacon.dwg,Outer Door,11-12-2022 02:05:10 PM,Admin,AutoCAD PDF (General Documentation).pc3,ISO full bleed A4 (210.00 x 297.00 MM),1:13.312,
H:\Mudabbir\Advacom\Advacon.dwg,Internal Door,11-12-2022 02:05:10 PM,Admin,AutoCAD PDF (General Documentation).pc3,ISO full bleed A4 (210.00 x 297.00 MM),1:13.312,
H:\Mudabbir\Advacom\Advacon.dwg,Base Plate,11-12-2022 02:05:11 PM,Admin,AutoCAD PDF (General Documentation).pc3,ISO full bleed A4 (210.00 x 297.00 MM),1:13.312,
H:\Mudabbir\Advacom\Advacon.dwg,Body - 1,11-12-2022 02:05:12 PM,Admin,AutoCAD PDF (General Documentation).pc3,ISO full bleed A4 (210.00 x 297.00 MM),1:13.312,
H:\Mudabbir\Advacom\Advacon.dwg,Gland Plate,11-12-2022 02:05:12 PM,Admin,AutoCAD PDF (General Documentation).pc3,ISO full bleed A4 (210.00 x 297.00 MM),1:13.312,
H:\Mudabbir\Advacom\Advacon.dwg,Support,11-12-2022 02:05:13 PM,Admin,AutoCAD PDF (General Documentation).pc3,ISO full bleed A4 (210.00 x 297.00 MM),1:13.312,
H:\Mudabbir\Advacom\Advacon.dwg,Fabrication List,11-12-2022 02:05:14 PM,Admin,AutoCAD PDF (General Documentation).pc3,ISO full bleed A4 (210.00 x 297.00 MM),1:13.312,
H:\Mudabbir\Advacom\Advacon.dwg,Assembly,11-12-2022 02:05:14 PM,Admin,AutoCAD PDF (General Documentation).pc3,ISO full bleed A4 (210.00 x 297.00 MM),1:13.312,
C:\Users\Admin\Desktop\KFMI\Advacon\Advacon.dwg,Body,12-12-2022 04:14:26 PM,Admin,AutoCAD PDF (General Documentation).pc3,ISO full bleed A4 (210.00 x 297.00 MM),1:13.312,
C:\Users\Admin\Desktop\KFMI\Advacon\Advacon.dwg,Outer Door,12-12-2022 04:14:28 PM,Admin,AutoCAD PDF (General Documentation).pc3,ISO full bleed A4 (210.00 x 297.00 MM),1:13.312,
C:\Users\Admin\Desktop\KFMI\Advacon\Advacon.dwg,Internal Door,12-12-2022 04:14:28 PM,Admin,AutoCAD PDF (General Documentation).pc3,ISO full bleed A4 (210.00 x 297.00 MM),1:13.312,
C:\Users\Admin\Desktop\KFMI\Advacon\Advacon.dwg,Base Plate,12-12-2022 04:14:29 PM,Admin,AutoCAD PDF (General Documentation).pc3,ISO full bleed A4 (210.00 x 297.00 MM),1:13.312,
C:\Users\Admin\Desktop\KFMI\Advacon\Advacon.dwg,Body - 1,12-12-2022 04:14:30 PM,Admin,AutoCAD PDF (General Documentation).pc3,ISO full bleed A4 (210.00 x 297.00 MM),1:13.312,
C:\Users\Admin\Desktop\KFMI\Advacon\Advacon.dwg,Gland Plate,12-12-2022 04:14:31 PM,Admin,AutoCAD PDF (General Documentation).pc3,ISO full bleed A4 (210.00 x 297.00 MM),1:13.312,
C:\Users\Admin\Desktop\KFMI\Advacon\Advacon.dwg,Support,12-12-2022 04:14:32 PM,Admin,AutoCAD PDF (General Documentation).pc3,ISO full bleed A4 (210.00 x 297.00 MM),1:13.312,
C:\Users\Admin\Desktop\KFMI\Advacon\Advacon.dwg,Fabrication List,12-12-2022 04:14:33 PM,Admin,AutoCAD PDF (General Documentation).pc3,ISO full bleed A4 (210.00 x 297.00 MM),1:13.312,
C:\Users\Admin\Desktop\KFMI\Advacon\Advacon.dwg,Assembly,12-12-2022 04:14:33 PM,Admin,AutoCAD PDF (General Documentation).pc3,ISO full bleed A4 (210.00 x 297.00 MM),1:13.312,
C:\Users\Admin\Desktop\KFMI\Power Source CO\Power Source.dwg,Assembly,13-12-2022 06:53:07 PM,Admin,AutoCAD PDF (General Documentation).pc3,ISO full bleed A4 (210.00 x 297.00 MM),1:13.312,
C:\Users\Admin\Desktop\KFMI\Power Source CO\Power Source.dwg,Body,13-12-2022 06:53:10 PM,Admin,AutoCAD PDF (General Documentation).pc3,ISO full bleed A4 (210.00 x 297.00 MM),1:13.312,
C:\Users\Admin\Desktop\KFMI\Power Source CO\Power Source.dwg,Door,13-12-2022 06:53:11 PM,Admin,AutoCAD PDF (General Documentation).pc3,ISO full bleed A4 (210.00 x 297.00 MM),1:13.312,
C:\Users\Admin\Desktop\KFMI\Power Source CO\Power Source.dwg,Base Plate,13-12-2022 06:53:11 PM,Admin,AutoCAD PDF (General Documentation).pc3,ISO full bleed A4 (210.00 x 297.00 MM),1:13.312,
C:\Users\Admin\Desktop\KFMI\Power Source CO\Power Source.dwg,Internal Door,13-12-2022 06:53:12 PM,Admin,AutoCAD PDF (General Documentation).pc3,ISO full bleed A4 (210.00 x 297.00 MM),1:13.312,
C:\Users\Admin\Desktop\KFMI\Power Source CO\Power Source.dwg,Profile,13-12-2022 06:53:12 PM,Admin,AutoCAD PDF (General Documentation).pc3,ISO full bleed A4 (210.00 x 297.00 MM),1:13.312,
C:\Users\Admin\Desktop\KFMI\Power Source CO\Power Source.dwg,Gland Plate,13-12-2022 06:53:13 PM,Admin,AutoCAD PDF (General Documentation).pc3,ISO full bleed A4 (210.00 x 297.00 MM),1:13.312,
C:\Users\Admin\Desktop\KFMI\Power Source CO\Power Source.dwg,Internal door support - a,13-12-2022 06:53:14 PM,Admin,AutoCAD PDF (General Documentation).pc3,ISO full bleed A4 (210.00 x 297.00 MM),1:13.312,
C:\Users\Admin\Desktop\KFMI\Power Source CO\Power Source.dwg,Internal Door Support - b,13-12-2022 06:53:14 PM,Admin,AutoCAD PDF (General Documentation).pc3,ISO full bleed A4 (210.00 x 297.00 MM),1:13.312,
C:\Users\Admin\Desktop\KFMI\MEG\Control Desk Panel\Control Desk Panel_recover_recover_recover_recover_recover_recover.dwg,Assembly,27-12-2022 01:47:20 PM,Admin,AutoCAD PDF (General Documentation).pc3,ISO full bleed A4 (210.00 x 297.00 MM),1:13.312,
